# JRE version: Java(TM) SE Runtime Environment (8.0_91-b14) (build 1.8.0_91-b14)
# Java VM: Java HotSpot(TM) 64-Bit Server VM (25.91-b14 mixed mode bsd-amd64 compressed oops)
Heap:
 PSYoungGen      total 465920K, used 58682K [0x0000000795580000, 0x00000007c0000000, 0x00000007c0000000)
  eden space 232960K, 25% used [0x0000000795580000,0x0000000798ece8d8,0x00000007a3900000)
  from space 232960K, 0% used [0x00000007b1c80000,0x00000007b1c80000,0x00000007c0000000)
  to   space 232960K, 0% used [0x00000007a3900000,0x00000007a3900000,0x00000007b1c80000)
 ParOldGen       total 1398272K, used 1398164K [0x0000000740000000, 0x0000000795580000, 0x0000000795580000)
  object space 1398272K, 99% used [0x0000000740000000,0x00000007955651a0,0x0000000795580000)
 Metaspace       used 24358K, capacity 25696K, committed 25856K, reserved 1071104K
  class space    used 3277K, capacity 3533K, committed 3584K, reserved 1048576K
GC Heap History (10 events):
Event: 367.003 GC heap before
{Heap before GC invocations=1029 (full 1003):
 PSYoungGen      total 465920K, used 232960K [0x0000000795580000, 0x00000007c0000000, 0x00000007c0000000)
  eden space 232960K, 100% used [0x0000000795580000,0x00000007a3900000,0x00000007a3900000)
  from space 232960K, 0% used [0x00000007b1c80000,0x00000007b1c80000,0x00000007c0000000)
  to   space 232960K, 0% used [0x00000007a3900000,0x00000007a3900000,0x00000007b1c80000)
 ParOldGen       total 1398272K, used 1356942K [0x0000000740000000, 0x0000000795580000, 0x0000000795580000)
  object space 1398272K, 97% used [0x0000000740000000,0x0000000792d23900,0x0000000795580000)
 Metaspace       used 24353K, capacity 25696K, committed 25856K, reserved 1071104K
  class space    used 3277K, capacity 3533K, committed 3584K, reserved 1048576K
Event: 367.104 GC heap after
Heap after GC invocations=1029 (full 1003):
 PSYoungGen      total 465920K, used 5011K [0x0000000795580000, 0x00000007c0000000, 0x00000007c0000000)
  eden space 232960K, 2% used [0x0000000795580000,0x0000000795a64db8,0x00000007a3900000)
  from space 232960K, 0% used [0x00000007b1c80000,0x00000007b1c80000,0x00000007c0000000)
  to   space 232960K, 0% used [0x00000007a3900000,0x00000007a3900000,0x00000007b1c80000)
 ParOldGen       total 1398272K, used 1393651K [0x0000000740000000, 0x0000000795580000, 0x0000000795580000)
  object space 1398272K, 99% used [0x0000000740000000,0x00000007950fcd30,0x0000000795580000)
 Metaspace       used 24353K, capacity 25696K, committed 25856K, reserved 1071104K
  class space    used 3277K, capacity 3533K, committed 3584K, reserved 1048576K
}
Event: 367.600 GC heap before
{Heap before GC invocations=1030 (full 1004):
 PSYoungGen      total 465920K, used 232960K [0x0000000795580000, 0x00000007c0000000, 0x00000007c0000000)
  eden space 232960K, 100% used [0x0000000795580000,0x00000007a3900000,0x00000007a3900000)
  from space 232960K, 0% used [0x00000007b1c80000,0x00000007b1c80000,0x00000007c0000000)
  to   space 232960K, 0% used [0x00000007a3900000,0x00000007a3900000,0x00000007b1c80000)
 ParOldGen       total 1398272K, used 1393651K [0x0000000740000000, 0x0000000795580000, 0x0000000795580000)
  object space 1398272K, 99% used [0x0000000740000000,0x00000007950fcd30,0x0000000795580000)
 Metaspace       used 24357K, capacity 25696K, committed 25856K, reserved 1071104K
  class space    used 3277K, capacity 3533K, committed 3584K, reserved 1048576K
Event: 367.864 GC heap after
Heap after GC invocations=1030 (full 1004):
 PSYoungGen      total 465920K, used 0K [0x0000000795580000, 0x00000007c0000000, 0x00000007c0000000)
  eden space 232960K, 0% used [0x0000000795580000,0x0000000795580000,0x00000007a3900000)
  from space 232960K, 0% used [0x00000007b1c80000,0x00000007b1c80000,0x00000007c0000000)
  to   space 232960K, 0% used [0x00000007a3900000,0x00000007a3900000,0x00000007b1c80000)
 ParOldGen       total 1398272K, used 1348805K [0x0000000740000000, 0x0000000795580000, 0x0000000795580000)
  object space 1398272K, 96% used [0x0000000740000000,0x0000000792531730,0x0000000795580000)
 Metaspace       used 24357K, capacity 25696K, committed 25856K, reserved 1071104K
  class space    used 3277K, capacity 3533K, committed 3584K, reserved 1048576K
}
Event: 368.405 GC heap before
{Heap before GC invocations=1031 (full 1005):
 PSYoungGen      total 465920K, used 232960K [0x0000000795580000, 0x00000007c0000000, 0x00000007c0000000)
  eden space 232960K, 100% used [0x0000000795580000,0x00000007a3900000,0x00000007a3900000)
  from space 232960K, 0% used [0x00000007b1c80000,0x00000007b1c80000,0x00000007c0000000)
  to   space 232960K, 0% used [0x00000007a3900000,0x00000007a3900000,0x00000007b1c80000)
 ParOldGen       total 1398272K, used 1348805K [0x0000000740000000, 0x0000000795580000, 0x0000000795580000)
  object space 1398272K, 96% used [0x0000000740000000,0x0000000792531730,0x0000000795580000)
 Metaspace       used 24357K, capacity 25696K, committed 25856K, reserved 1071104K
  class space    used 3277K, capacity 3533K, committed 3584K, reserved 1048576K
Event: 368.522 GC heap after
Heap after GC invocations=1031 (full 1005):
 PSYoungGen      total 465920K, used 4805K [0x0000000795580000, 0x00000007c0000000, 0x00000007c0000000)
  eden space 232960K, 2% used [0x0000000795580000,0x0000000795a315d0,0x00000007a3900000)
  from space 232960K, 0% used [0x00000007b1c80000,0x00000007b1c80000,0x00000007c0000000)
  to   space 232960K, 0% used [0x00000007a3900000,0x00000007a3900000,0x00000007b1c80000)
 ParOldGen       total 1398272K, used 1397423K [0x0000000740000000, 0x0000000795580000, 0x0000000795580000)
  object space 1398272K, 99% used [0x0000000740000000,0x00000007954abc78,0x0000000795580000)
 Metaspace       used 24357K, capacity 25696K, committed 25856K, reserved 1071104K
  class space    used 3277K, capacity 3533K, committed 3584K, reserved 1048576K
}
Event: 368.897 GC heap before
{Heap before GC invocations=1032 (full 1006):
 PSYoungGen      total 465920K, used 232960K [0x0000000795580000, 0x00000007c0000000, 0x00000007c0000000)
  eden space 232960K, 100% used [0x0000000795580000,0x00000007a3900000,0x00000007a3900000)
  from space 232960K, 0% used [0x00000007b1c80000,0x00000007b1c80000,0x00000007c0000000)
  to   space 232960K, 0% used [0x00000007a3900000,0x00000007a3900000,0x00000007b1c80000)
 ParOldGen       total 1398272K, used 1397423K [0x0000000740000000, 0x0000000795580000, 0x0000000795580000)
  object space 1398272K, 99% used [0x0000000740000000,0x00000007954abc78,0x0000000795580000)
 Metaspace       used 24357K, capacity 25696K, committed 25856K, reserved 1071104K
  class space    used 3277K, capacity 3533K, committed 3584K, reserved 1048576K
Event: 369.009 GC heap after
Heap after GC invocations=1032 (full 1006):
 PSYoungGen      total 465920K, used 53006K [0x0000000795580000, 0x00000007c0000000, 0x00000007c0000000)
  eden space 232960K, 22% used [0x0000000795580000,0x00000007989439f8,0x00000007a3900000)
  from space 232960K, 0% used [0x00000007b1c80000,0x00000007b1c80000,0x00000007c0000000)
  to   space 232960K, 0% used [0x00000007a3900000,0x00000007a3900000,0x00000007b1c80000)
 ParOldGen       total 1398272K, used 1398109K [0x0000000740000000, 0x0000000795580000, 0x0000000795580000)
  object space 1398272K, 99% used [0x0000000740000000,0x0000000795557670,0x0000000795580000)
 Metaspace       used 24357K, capacity 25696K, committed 25856K, reserved 1071104K
  class space    used 3277K, capacity 3533K, committed 3584K, reserved 1048576K
}
Event: 369.431 GC heap before
{Heap before GC invocations=1033 (full 1007):
 PSYoungGen      total 465920K, used 232960K [0x0000000795580000, 0x00000007c0000000, 0x00000007c0000000)
  eden space 232960K, 100% used [0x0000000795580000,0x00000007a3900000,0x00000007a3900000)
  from space 232960K, 0% used [0x00000007b1c80000,0x00000007b1c80000,0x00000007c0000000)
  to   space 232960K, 0% used [0x00000007a3900000,0x00000007a3900000,0x00000007b1c80000)
 ParOldGen       total 1398272K, used 1398109K [0x0000000740000000, 0x0000000795580000, 0x0000000795580000)
  object space 1398272K, 99% used [0x0000000740000000,0x0000000795557670,0x0000000795580000)
 Metaspace       used 24358K, capacity 25696K, committed 25856K, reserved 1071104K
  class space    used 3277K, capacity 3533K, committed 3584K, reserved 1048576K
Event: 369.544 GC heap after
Heap after GC invocations=1033 (full 1007):
 PSYoungGen      total 465920K, used 49264K [0x0000000795580000, 0x00000007c0000000, 0x00000007c0000000)
  eden space 232960K, 21% used [0x0000000795580000,0x000000079859c200,0x00000007a3900000)
  from space 232960K, 0% used [0x00000007b1c80000,0x00000007b1c80000,0x00000007c0000000)
  to   space 232960K, 0% used [0x00000007a3900000,0x00000007a3900000,0x00000007b1c80000)
 ParOldGen       total 1398272K, used 1398164K [0x0000000740000000, 0x0000000795580000, 0x0000000795580000)
  object space 1398272K, 99% used [0x0000000740000000,0x00000007955651a0,0x0000000795580000)
 Metaspace       used 24358K, capacity 25696K, committed 25856K, reserved 1071104K
  class space    used 3277K, capacity 3533K, committed 3584K, reserved 1048576K
}

