# JRE version: Java(TM) SE Runtime Environment (8.0_91-b14) (build 1.8.0_91-b14)
# Java VM: Java HotSpot(TM) 64-Bit Server VM (25.91-b14 mixed mode bsd-amd64 compressed oops)
Heap:
 PSYoungGen      total 203264K, used 91566K [0x0000000795580000, 0x00000007a5980000, 0x00000007c0000000)
  eden space 190976K, 43% used [0x0000000795580000,0x000000079a705bd8,0x00000007a1000000)
  from space 12288K, 65% used [0x00000007a1000000,0x00000007a17e5f20,0x00000007a1c00000)
  to   space 12288K, 0% used [0x00000007a4d80000,0x00000007a4d80000,0x00000007a5980000)
 ParOldGen       total 59904K, used 17658K [0x0000000740000000, 0x0000000743a80000, 0x0000000795580000)
  object space 59904K, 29% used [0x0000000740000000,0x000000074113e920,0x0000000743a80000)
 Metaspace       used 24702K, capacity 26162K, committed 26240K, reserved 1071104K
  class space    used 3380K, capacity 3674K, committed 3712K, reserved 1048576K
GC Heap History (10 events):
Event: 32.914 GC heap before
{Heap before GC invocations=8 (full 1):
 PSYoungGen      total 103424K, used 98944K [0x0000000795580000, 0x000000079c700000, 0x00000007c0000000)
  eden space 93696K, 100% used [0x0000000795580000,0x000000079b100000,0x000000079b100000)
  from space 9728K, 53% used [0x000000079bd80000,0x000000079c2a0140,0x000000079c700000)
  to   space 11264K, 0% used [0x000000079b100000,0x000000079b100000,0x000000079bc00000)
 ParOldGen       total 59904K, used 10279K [0x0000000740000000, 0x0000000743a80000, 0x0000000795580000)
  object space 59904K, 17% used [0x0000000740000000,0x0000000740a09e90,0x0000000743a80000)
 Metaspace       used 24390K, capacity 25818K, committed 25984K, reserved 1071104K
  class space    used 3372K, capacity 3668K, committed 3712K, reserved 1048576K
Event: 32.929 GC heap after
Heap after GC invocations=8 (full 1):
 PSYoungGen      total 104960K, used 10614K [0x0000000795580000, 0x00000007a0100000, 0x00000007c0000000)
  eden space 93696K, 0% used [0x0000000795580000,0x0000000795580000,0x000000079b100000)
  from space 11264K, 94% used [0x000000079b100000,0x000000079bb5db10,0x000000079bc00000)
  to   space 13312K, 0% used [0x000000079f400000,0x000000079f400000,0x00000007a0100000)
 ParOldGen       total 59904K, used 10287K [0x0000000740000000, 0x0000000743a80000, 0x0000000795580000)
  object space 59904K, 17% used [0x0000000740000000,0x0000000740a0be90,0x0000000743a80000)
 Metaspace       used 24390K, capacity 25818K, committed 25984K, reserved 1071104K
  class space    used 3372K, capacity 3668K, committed 3712K, reserved 1048576K
}
Event: 33.875 GC heap before
{Heap before GC invocations=9 (full 1):
 PSYoungGen      total 104960K, used 104310K [0x0000000795580000, 0x00000007a0100000, 0x00000007c0000000)
  eden space 93696K, 100% used [0x0000000795580000,0x000000079b100000,0x000000079b100000)
  from space 11264K, 94% used [0x000000079b100000,0x000000079bb5db10,0x000000079bc00000)
  to   space 13312K, 0% used [0x000000079f400000,0x000000079f400000,0x00000007a0100000)
 ParOldGen       total 59904K, used 10287K [0x0000000740000000, 0x0000000743a80000, 0x0000000795580000)
  object space 59904K, 17% used [0x0000000740000000,0x0000000740a0be90,0x0000000743a80000)
 Metaspace       used 24515K, capacity 25882K, committed 25984K, reserved 1071104K
  class space    used 3372K, capacity 3668K, committed 3712K, reserved 1048576K
Event: 33.889 GC heap after
Heap after GC invocations=9 (full 1):
 PSYoungGen      total 157184K, used 5802K [0x0000000795580000, 0x000000079fd80000, 0x00000007c0000000)
  eden space 147456K, 0% used [0x0000000795580000,0x0000000795580000,0x000000079e580000)
  from space 9728K, 59% used [0x000000079f400000,0x000000079f9aa840,0x000000079fd80000)
  to   space 12288K, 0% used [0x000000079e580000,0x000000079e580000,0x000000079f180000)
 ParOldGen       total 59904K, used 13971K [0x0000000740000000, 0x0000000743a80000, 0x0000000795580000)
  object space 59904K, 23% used [0x0000000740000000,0x0000000740da4f50,0x0000000743a80000)
 Metaspace       used 24515K, capacity 25882K, committed 25984K, reserved 1071104K
  class space    used 3372K, capacity 3668K, committed 3712K, reserved 1048576K
}
Event: 35.557 GC heap before
{Heap before GC invocations=10 (full 1):
 PSYoungGen      total 157184K, used 153258K [0x0000000795580000, 0x000000079fd80000, 0x00000007c0000000)
  eden space 147456K, 100% used [0x0000000795580000,0x000000079e580000,0x000000079e580000)
  from space 9728K, 59% used [0x000000079f400000,0x000000079f9aa840,0x000000079fd80000)
  to   space 12288K, 0% used [0x000000079e580000,0x000000079e580000,0x000000079f180000)
 ParOldGen       total 59904K, used 13971K [0x0000000740000000, 0x0000000743a80000, 0x0000000795580000)
  object space 59904K, 23% used [0x0000000740000000,0x0000000740da4f50,0x0000000743a80000)
 Metaspace       used 24548K, capacity 26010K, committed 26240K, reserved 1071104K
  class space    used 3373K, capacity 3668K, committed 3712K, reserved 1048576K
Event: 35.570 GC heap after
Heap after GC invocations=10 (full 1):
 PSYoungGen      total 159744K, used 6010K [0x0000000795580000, 0x00000007a2a80000, 0x00000007c0000000)
  eden space 147456K, 0% used [0x0000000795580000,0x0000000795580000,0x000000079e580000)
  from space 12288K, 48% used [0x000000079e580000,0x000000079eb5ea20,0x000000079f180000)
  to   space 11776K, 0% used [0x00000007a1f00000,0x00000007a1f00000,0x00000007a2a80000)
 ParOldGen       total 59904K, used 13995K [0x0000000740000000, 0x0000000743a80000, 0x0000000795580000)
  object space 59904K, 23% used [0x0000000740000000,0x0000000740daaf50,0x0000000743a80000)
 Metaspace       used 24548K, capacity 26010K, committed 26240K, reserved 1071104K
  class space    used 3373K, capacity 3668K, committed 3712K, reserved 1048576K
}
Event: 36.978 GC heap before
{Heap before GC invocations=11 (full 1):
 PSYoungGen      total 159744K, used 153466K [0x0000000795580000, 0x00000007a2a80000, 0x00000007c0000000)
  eden space 147456K, 100% used [0x0000000795580000,0x000000079e580000,0x000000079e580000)
  from space 12288K, 48% used [0x000000079e580000,0x000000079eb5ea20,0x000000079f180000)
  to   space 11776K, 0% used [0x00000007a1f00000,0x00000007a1f00000,0x00000007a2a80000)
 ParOldGen       total 59904K, used 13995K [0x0000000740000000, 0x0000000743a80000, 0x0000000795580000)
  object space 59904K, 23% used [0x0000000740000000,0x0000000740daaf50,0x0000000743a80000)
 Metaspace       used 24647K, capacity 26094K, committed 26240K, reserved 1071104K
  class space    used 3380K, capacity 3674K, committed 3712K, reserved 1048576K
Event: 36.988 GC heap after
Heap after GC invocations=11 (full 1):
 PSYoungGen      total 200192K, used 2490K [0x0000000795580000, 0x00000007a2800000, 0x00000007c0000000)
  eden space 190976K, 0% used [0x0000000795580000,0x0000000795580000,0x00000007a1000000)
  from space 9216K, 27% used [0x00000007a1f00000,0x00000007a216ea20,0x00000007a2800000)
  to   space 12288K, 0% used [0x00000007a1000000,0x00000007a1000000,0x00000007a1c00000)
 ParOldGen       total 59904K, used 17626K [0x0000000740000000, 0x0000000743a80000, 0x0000000795580000)
  object space 59904K, 29% used [0x0000000740000000,0x0000000741136920,0x0000000743a80000)
 Metaspace       used 24647K, capacity 26094K, committed 26240K, reserved 1071104K
  class space    used 3380K, capacity 3674K, committed 3712K, reserved 1048576K
}
Event: 38.850 GC heap before
{Heap before GC invocations=12 (full 1):
 PSYoungGen      total 200192K, used 193466K [0x0000000795580000, 0x00000007a2800000, 0x00000007c0000000)
  eden space 190976K, 100% used [0x0000000795580000,0x00000007a1000000,0x00000007a1000000)
  from space 9216K, 27% used [0x00000007a1f00000,0x00000007a216ea20,0x00000007a2800000)
  to   space 12288K, 0% used [0x00000007a1000000,0x00000007a1000000,0x00000007a1c00000)
 ParOldGen       total 59904K, used 17626K [0x0000000740000000, 0x0000000743a80000, 0x0000000795580000)
  object space 59904K, 29% used [0x0000000740000000,0x0000000741136920,0x0000000743a80000)
 Metaspace       used 24694K, capacity 26162K, committed 26240K, reserved 1071104K
  class space    used 3380K, capacity 3674K, committed 3712K, reserved 1048576K
Event: 38.858 GC heap after
Heap after GC invocations=12 (full 1):
 PSYoungGen      total 203264K, used 8087K [0x0000000795580000, 0x00000007a5980000, 0x00000007c0000000)
  eden space 190976K, 0% used [0x0000000795580000,0x0000000795580000,0x00000007a1000000)
  from space 12288K, 65% used [0x00000007a1000000,0x00000007a17e5f20,0x00000007a1c00000)
  to   space 12288K, 0% used [0x00000007a4d80000,0x00000007a4d80000,0x00000007a5980000)
 ParOldGen       total 59904K, used 17658K [0x0000000740000000, 0x0000000743a80000, 0x0000000795580000)
  object space 59904K, 29% used [0x0000000740000000,0x000000074113e920,0x0000000743a80000)
 Metaspace       used 24694K, capacity 26162K, committed 26240K, reserved 1071104K
  class space    used 3380K, capacity 3674K, committed 3712K, reserved 1048576K
}

